<?xml version="1.0" encoding="UTF-8"?>
<!-- Generated by org.testng.reporters.JUnitReportReporter -->
<testsuite hostname="SAMCOMP" failures="0" tests="1" name="tstngRev.LoginTest" time="0.011" errors="0" timestamp="2025-02-05T08:01:55 IST" skipped="0">
  <testcase classname="tstngRev.LoginTest" name="loginTest" time="0.011"/>
</testsuite> <!-- tstngRev.LoginTest -->
