<?xml version="1.0" encoding="UTF-8"?>
<!-- Generated by org.testng.reporters.JUnitReportReporter -->
<testsuite hostname="SAMCOMP" failures="0" tests="3" name="tstngRev.FirstTest" time="0.016" errors="0" timestamp="2025-02-05T07:55:07 IST" skipped="0">
  <testcase classname="tstngRev.FirstTest" name="setup" time="0.013"/>
  <testcase classname="tstngRev.FirstTest" name="loginTest" time="0.002"/>
  <testcase classname="tstngRev.FirstTest" name="CleanUp" time="0.001"/>
</testsuite> <!-- tstngRev.FirstTest -->
