<?xml version="1.0" encoding="UTF-8"?>
<!-- Generated by org.testng.reporters.JUnitReportReporter -->
<testsuite hostname="SAMCOMP" failures="0" tests="2" name="tstngRev.ParalllellTest" time="20.442" errors="0" timestamp="2025-02-07T08:03:31 IST" skipped="0">
  <testcase classname="tstngRev.ParalllellTest" name="setUp" time="9.729"/>
  <testcase classname="tstngRev.ParalllellTest" name="setUp" time="10.713"/>
</testsuite> <!-- tstngRev.ParalllellTest -->
