<?xml version="1.0" encoding="UTF-8"?>
<!-- Generated by org.testng.reporters.JUnitReportReporter -->
<testsuite hostname="SAMCOMP" failures="0" tests="3" name="tstngRev.MethodDeps" time="0.017" errors="0" timestamp="2025-02-06T07:25:17 IST" skipped="0">
  <testcase classname="tstngRev.MethodDeps" name="setUp" time="0.013"/>
  <testcase classname="tstngRev.MethodDeps" name="loginTest" time="0.002"/>
  <testcase classname="tstngRev.MethodDeps" name="SearchTest" time="0.002"/>
</testsuite> <!-- tstngRev.MethodDeps -->
