<?xml version="1.0" encoding="UTF-8"?>
<!-- Generated by org.testng.reporters.JUnitReportReporter -->
<testsuite hostname="SAMCOMP" failures="0" tests="1" name="tstngRev.GroupingInTestng" time="0.015" errors="0" timestamp="2025-02-06T07:52:15 IST" skipped="0">
  <testcase classname="tstngRev.GroupingInTestng" name="loginByX" time="0.015"/>
</testsuite> <!-- tstngRev.GroupingInTestng -->
